TN:
SF:/Users/yanjixian/CODE/jsTest/avaTest/test1.js
FN:3,(anonymous_5)
FN:8,(anonymous_6)
FN:8,(anonymous_7)
FNF:3
FNH:3
FNDA:1,(anonymous_5)
FNDA:2,(anonymous_6)
FNDA:1,(anonymous_7)
DA:1,1
DA:3,1
DA:4,1
DA:5,1
DA:8,4
DA:9,1
DA:10,1
DA:11,1
LF:8
LH:8
BRF:0
BRH:0
end_of_record
TN:
SF:/Users/yanjixian/CODE/jsTest/avaTest/test2_api.js
FN:3,(anonymous_1)
FN:10,(anonymous_2)
FN:18,(anonymous_3)
FN:25,(anonymous_4)
FN:30,(anonymous_5)
FN:36,(anonymous_6)
FN:42,(anonymous_7)
FN:42,(anonymous_8)
FN:49,(anonymous_10)
FN:54,(anonymous_11)
FN:59,(anonymous_12)
FNF:11
FNH:10
FNDA:1,(anonymous_1)
FNDA:1,(anonymous_2)
FNDA:1,(anonymous_3)
FNDA:1,(anonymous_4)
FNDA:0,(anonymous_5)
FNDA:1,(anonymous_6)
FNDA:2,(anonymous_7)
FNDA:1,(anonymous_8)
FNDA:1,(anonymous_10)
FNDA:5,(anonymous_11)
FNDA:5,(anonymous_12)
DA:1,1
DA:3,1
DA:4,1
DA:5,1
DA:6,1
DA:10,1
DA:11,1
DA:12,1
DA:14,1
DA:18,1
DA:19,1
DA:20,1
DA:23,1
DA:25,1
DA:26,1
DA:27,1
DA:30,1
DA:31,0
DA:32,0
DA:36,1
DA:38,1
DA:39,1
DA:42,4
DA:43,1
DA:44,1
DA:49,1
DA:54,1
DA:56,5
DA:59,1
LF:29
LH:27
BRF:0
BRH:0
end_of_record
TN:
SF:/Users/yanjixian/CODE/jsTest/avaTest/test3_macros.js
FN:4,macro
FN:13,(anonymous_6)
FN:22,evalMacro
FN:26,safeEvalMacro
FNF:4
FNH:2
FNDA:3,macro
FNDA:3,(anonymous_6)
FNDA:0,evalMacro
FNDA:0,safeEvalMacro
DA:1,1
DA:4,6
DA:5,3
DA:8,1
DA:9,1
DA:13,3
DA:15,1
DA:16,1
DA:17,1
DA:20,1
DA:22,0
DA:23,0
DA:26,0
DA:27,0
DA:30,1
DA:31,1
LF:16
LH:12
BRF:0
BRH:0
end_of_record
TN:
SF:/Users/yanjixian/CODE/jsTest/avaTest/test4_async.js
FN:4,(anonymous_5)
FN:5,(anonymous_6)
FN:11,(anonymous_7)
FN:17,(anonymous_8)
FN:17,(anonymous_9)
FN:23,(anonymous_11)
FN:23,(anonymous_12)
FN:29,(anonymous_14)
FN:32,(anonymous_15)
FN:36,(anonymous_16)
FN:40,(anonymous_17)
FNF:11
FNH:9
FNDA:1,(anonymous_5)
FNDA:1,(anonymous_6)
FNDA:1,(anonymous_7)
FNDA:2,(anonymous_8)
FNDA:1,(anonymous_9)
FNDA:1,(anonymous_11)
FNDA:0,(anonymous_12)
FNDA:1,(anonymous_14)
FNDA:6,(anonymous_15)
FNDA:3,(anonymous_16)
FNDA:0,(anonymous_17)
DA:1,1
DA:4,1
DA:5,1
DA:6,1
DA:11,1
DA:12,1
DA:13,1
DA:17,4
DA:18,1
DA:19,1
DA:23,3
DA:24,0
DA:25,0
DA:29,1
DA:30,1
DA:31,1
DA:34,6
DA:36,3
DA:40,1
DA:42,0
LF:20
LH:17
BRF:0
BRH:0
end_of_record
TN:
SF:/Users/yanjixian/CODE/jsTest/avaTest/test5_assertion.js
FN:39,(anonymous_6)
FN:42,(anonymous_7)
FN:43,(anonymous_8)
FN:43,(anonymous_9)
FN:50,(anonymous_10)
FN:50,(anonymous_11)
FN:51,(anonymous_12)
FN:72,(anonymous_14)
FNF:8
FNH:8
FNDA:1,(anonymous_6)
FNDA:1,(anonymous_7)
FNDA:1,(anonymous_8)
FNDA:1,(anonymous_9)
FNDA:2,(anonymous_10)
FNDA:1,(anonymous_11)
FNDA:1,(anonymous_12)
FNDA:1,(anonymous_14)
DA:1,1
DA:39,1
DA:40,1
DA:42,1
DA:43,1
DA:44,1
DA:47,1
DA:49,1
DA:50,4
DA:51,1
DA:52,1
DA:72,1
DA:73,1
DA:74,1
DA:75,1
DA:76,1
LF:16
LH:16
BRDA:76,0,0,1
BRDA:76,0,1,1
BRF:2
BRH:2
end_of_record
